<?xml version="1.0" encoding="UTF-8"?>
<testsuite name="com.pivovarit.persistence.internal.ShopsDaoLocalImplTest" tests="2" skipped="0" failures="0" errors="0" timestamp="2016-05-24T20:59:28" hostname="Schwit" time="0.003">
  <properties/>
  <testcase name="shouldAddToStorage" classname="com.pivovarit.persistence.internal.ShopsDaoLocalImplTest" time="0.002"/>
  <testcase name="shouldContainZeroShops" classname="com.pivovarit.persistence.internal.ShopsDaoLocalImplTest" time="0.001"/>
  <system-out><![CDATA[]]></system-out>
  <system-err><![CDATA[]]></system-err>
</testsuite>
